C51 COMPILER V9.60.7.0   MAIN                                                              11/19/2025 13:29:32 PAGE 1   


C51 COMPILER V9.60.7.0, COMPILATION OF MODULE MAIN
OBJECT MODULE PLACED IN .\Objects\main.obj
COMPILER INVOKED BY: C:\Users\minhn\AppData\Local\Keil_v5\C51\BIN\C51.EXE main.c OPTIMIZE(8,SPEED) BROWSE DEBUG OBJECTEX
                    -TEND PRINT(.\Listings\main.lst) TABS(2) OBJECT(.\Objects\main.obj)

line level    source

   1          #include <REGX51.h>
   2          
   3          sbit LED = P2 ^ 7;
   4          sbit BTN_ON = P3 ^ 0;
   5          sbit BTN_OFF = P3 ^ 1;
   6          
   7          void delay_ms(unsigned int ms)
   8          {
   9   1          unsigned int i, j;
  10   1          for (i = 0; i < ms; i++)
  11   1              for (j = 0; j < 123; j++)
  12   1                  ;
  13   1      }
  14          
  15          void main()
  16          {
  17   1          LED = 1;
  18   1          BTN_ON = 1;
  19   1          BTN_OFF = 1;
  20   1      
  21   1          while (1)
  22   1          {
  23   2              if (BTN_ON == 0)
  24   2              {
  25   3                  delay_ms(20); // Debounce delay
  26   3                  if (BTN_ON == 0)
  27   3                      LED = 0; // Turn LED on
  28   3                  while (BTN_ON == 0)
  29   3                      ;
  30   3              }
  31   2              if (BTN_OFF == 0)
  32   2              {
  33   3                  delay_ms(20); // Debounce delay
  34   3                  if (BTN_OFF == 0)
  35   3                      LED = 1; // Turn LED off
  36   3                  while (BTN_OFF == 0)
  37   3                      ;
  38   3              }
  39   2          }
  40   1      }


MODULE INFORMATION:   STATIC OVERLAYABLE
   CODE SIZE        =     76    ----
   CONSTANT SIZE    =   ----    ----
   XDATA SIZE       =   ----    ----
   PDATA SIZE       =   ----    ----
   DATA SIZE        =   ----    ----
   IDATA SIZE       =   ----    ----
   BIT SIZE         =   ----    ----
END OF MODULE INFORMATION.


C51 COMPILATION COMPLETE.  0 WARNING(S),  0 ERROR(S)
