C51 COMPILER V9.60.7.0   MAIN                                                              11/19/2025 00:42:05 PAGE 1   


C51 COMPILER V9.60.7.0, COMPILATION OF MODULE MAIN
OBJECT MODULE PLACED IN .\Objects\main.obj
COMPILER INVOKED BY: C:\Users\minhn\AppData\Local\Keil_v5\C51\BIN\C51.EXE main.c OPTIMIZE(8,SPEED) BROWSE DEBUG OBJECTEX
                    -TEND PRINT(.\Listings\main.lst) TABS(2) OBJECT(.\Objects\main.obj)

line level    source

   1          #include <REGX51.H>
   2          #include <intrins.h>
   3          
   4          sbit LED = P2 ^ 2;
   5          
   6          void delay_us(unsigned int us)
   7          {
   8   1          while (us--)
   9   1          {
  10   2              _nop_();
  11   2          }
  12   1      }
  13          
  14          void main()
  15          {
  16   1          unsigned char i, duty_cycle;
  17   1          while (1)
  18   1          {
  19   2              for (duty_cycle = 0; duty_cycle <= 100; duty_cycle++)
  20   2              {
  21   3                  for (i = 0; i < 100; i++)
  22   3                  {
  23   4                      if (i < duty_cycle)
  24   4                          LED = 0; // Turn LED on
  25   4                      else
  26   4                          LED = 1;  // Turn LED off
  27   4                      delay_us(10); // Total period of 1ms
  28   4                  }
  29   3              }
  30   2              for (duty_cycle = 100; duty_cycle > 0; duty_cycle--)
  31   2              {
  32   3                  for (i = 0; i < 100; i++)
  33   3                  {
  34   4                      if (i < duty_cycle)
  35   4                          LED = 0; // Turn LED on
  36   4                      else
  37   4                          LED = 1;  // Turn LED off
  38   4                      delay_us(10); // Total period of 1ms
  39   4                  }
  40   3              }
  41   2          }
  42   1      }


MODULE INFORMATION:   STATIC OVERLAYABLE
   CODE SIZE        =     79    ----
   CONSTANT SIZE    =   ----    ----
   XDATA SIZE       =   ----    ----
   PDATA SIZE       =   ----    ----
   DATA SIZE        =   ----    ----
   IDATA SIZE       =   ----    ----
   BIT SIZE         =   ----    ----
END OF MODULE INFORMATION.


C51 COMPILATION COMPLETE.  0 WARNING(S),  0 ERROR(S)
