A51 MACRO ASSEMBLER  MAIN                                                                 11/18/2025 18:33:37 PAGE     1


MACRO ASSEMBLER A51 V8.2.7.0
OBJECT MODULE PLACED IN .\Objects\main.obj
ASSEMBLER INVOKED BY: C:\Users\minhn\AppData\Local\Keil_v5\C51\BIN\A51.EXE main.asc SET(SMALL) DEBUG PRINT(.\Listings\ma
                      in.lst) OBJECT(.\Objects\main.obj) EP

LOC  OBJ            LINE     SOURCE

0000                   1     ORG 0000H 
0000 8013              2             JMP MAIN
                       3             
0003                   4     ORG 0003H
0003 801E              5             JMP LED_ON
                       6     
0013                   7     ORG 0013H
0013 8011              8             JMP LED_OFF
                       9     
0015                  10     MAIN:
0015 D288             11             SETB IT0
0017 D2A8             12             SETB EX0
                      13             
0019 D28A             14             SETB IT1
001B D2AA             15             SETB EX1
                      16             
001D D2AF             17             SETB EA
                      18             
001F D2A0             19             SETB P2.0
                      20     
0021                  21     LOOP:
0021 80FE             22             JMP LOOP
                      23     
0023                  24     LED_ON:
0023 C2A0             25             CLR P2.0
0025 32               26             RETI
                      27     
0026                  28     LED_OFF:
0026 D2A0             29             SETB P2.0
0028 32               30             RETI
                      31     
                      32     END
A51 MACRO ASSEMBLER  MAIN                                                                 11/18/2025 18:33:37 PAGE     2

SYMBOL TABLE LISTING
------ ----- -------


N A M E             T Y P E  V A L U E   ATTRIBUTES

EA . . . . . . . .  B ADDR   00A8H.7 A   
EX0. . . . . . . .  B ADDR   00A8H.0 A   
EX1. . . . . . . .  B ADDR   00A8H.2 A   
IT0. . . . . . . .  B ADDR   0088H.0 A   
IT1. . . . . . . .  B ADDR   0088H.2 A   
LED_OFF. . . . . .  C ADDR   0026H   A   
LED_ON . . . . . .  C ADDR   0023H   A   
LOOP . . . . . . .  C ADDR   0021H   A   
MAIN . . . . . . .  C ADDR   0015H   A   
P2 . . . . . . . .  D ADDR   00A0H   A   


REGISTER BANK(S) USED: 0 


ASSEMBLY COMPLETE.  0 WARNING(S), 0 ERROR(S)
