A51 MACRO ASSEMBLER  MAIN                                                                 11/08/2025 11:13:47 PAGE     1


MACRO ASSEMBLER A51 V8.2.7.0
OBJECT MODULE PLACED IN .\Objects\main.obj
ASSEMBLER INVOKED BY: C:\Users\minhn\AppData\Local\Keil_v5\C51\BIN\A51.EXE main.asm SET(SMALL) DEBUG PRINT(.\Listings\ma
                      in.lst) OBJECT(.\Objects\main.obj) EP

LOC  OBJ            LINE     SOURCE

0000                   1     ORG 0000H
                       2             
0000 900100            3             MOV DPTR, #TABLE
                       4     
0003 7400              5             MOV A, #00H
0005 93                6             MOVC A, @A + DPTR
0006 F8                7             MOV R0, A
                       8             
0007 7401              9             MOV A, #01H
0009 93               10             MOVC A, @A + DPTR
000A F9               11             MOV R1, A
                      12             
000B E8               13             MOV A, R0
000C C3               14             CLR C
000D 99               15             SUBB A, R1
000E F590             16             MOV P1, A
                      17             
0010 80FE             18             JMP $
                      19     
0100                  20     ORG 0100H
0100                  21             TABLE:
0100 0A03             22                     DB 0AH, 03H
                      23                     END
A51 MACRO ASSEMBLER  MAIN                                                                 11/08/2025 11:13:47 PAGE     2

SYMBOL TABLE LISTING
------ ----- -------


N A M E             T Y P E  V A L U E   ATTRIBUTES

P1 . . . . . . . .  D ADDR   0090H   A   
TABLE. . . . . . .  C ADDR   0100H   A   


REGISTER BANK(S) USED: 0 


ASSEMBLY COMPLETE.  0 WARNING(S), 0 ERROR(S)
