C51 COMPILER V9.60.7.0   MAIN                                                              11/19/2025 00:26:09 PAGE 1   


C51 COMPILER V9.60.7.0, COMPILATION OF MODULE MAIN
OBJECT MODULE PLACED IN .\Objects\main.obj
COMPILER INVOKED BY: C:\Users\minhn\AppData\Local\Keil_v5\C51\BIN\C51.EXE main.c OPTIMIZE(8,SPEED) BROWSE DEBUG OBJECTEX
                    -TEND PRINT(.\Listings\main.lst) TABS(2) OBJECT(.\Objects\main.obj)

line level    source

   1          #include <REGX51.H>
   2          
   3          void Delay(unsigned int ms)
   4          {
   5   1          unsigned int i, j;
   6   1          for (i = 0; i < ms; i++)
   7   1              for (j = 0; j < 123; j++)
   8   1                  ;
   9   1      }
  10          
  11          void main()
  12          {
  13   1          while (1)
  14   1          {
  15   2              P2 = 0xFE; 
  16   2              Delay(200);
  17   2              P2 = 0xFD;
  18   2              Delay(200);
  19   2              P2 = 0xFB;
  20   2              Delay(200);
  21   2              P2 = 0xF7;
  22   2              Delay(200);
  23   2              P2 = 0xEF;
  24   2              Delay(200);
  25   2              P2 = 0xDF;
  26   2              Delay(200);
  27   2              P2 = 0xBF;
  28   2              Delay(200);
  29   2              P2 = 0x7F;
  30   2              Delay(200);
  31   2          }
  32   1      }


MODULE INFORMATION:   STATIC OVERLAYABLE
   CODE SIZE        =     86    ----
   CONSTANT SIZE    =   ----    ----
   XDATA SIZE       =   ----    ----
   PDATA SIZE       =   ----    ----
   DATA SIZE        =   ----    ----
   IDATA SIZE       =   ----    ----
   BIT SIZE         =   ----    ----
END OF MODULE INFORMATION.


C51 COMPILATION COMPLETE.  0 WARNING(S),  0 ERROR(S)
