C51 COMPILER V9.60.7.0   MAIN                                                              11/19/2025 13:50:41 PAGE 1   


C51 COMPILER V9.60.7.0, COMPILATION OF MODULE MAIN
OBJECT MODULE PLACED IN .\Objects\main.obj
COMPILER INVOKED BY: C:\Users\minhn\AppData\Local\Keil_v5\C51\BIN\C51.EXE main.c OPTIMIZE(8,SPEED) BROWSE DEBUG OBJECTEX
                    -TEND PRINT(.\Listings\main.lst) TABS(2) OBJECT(.\Objects\main.obj)

line level    source

   1          #include <REGX51.h>
   2          
   3          sbit LED = P2 ^ 7;
   4          
   5          void external0_isr(void) interrupt 0
   6          {
   7   1          LED = 1;
   8   1      }
   9          
  10          void external1_isr(void) interrupt 2
  11          {
  12   1          LED = 0;
  13   1      }
  14          
  15          void main(void)
  16          {
  17   1      
  18   1          IT0 = 1;
  19   1          IT1 = 1;
  20   1      
  21   1          EX0 = 1;
  22   1          EX1 = 1;
  23   1          EA = 1;
  24   1      
  25   1          LED = 1;
  26   1          P3_2 = 1;
  27   1          P3_3 = 1;
  28   1      
  29   1          while (1)
  30   1          {
  31   2          }
  32   1      }


MODULE INFORMATION:   STATIC OVERLAYABLE
   CODE SIZE        =     24    ----
   CONSTANT SIZE    =   ----    ----
   XDATA SIZE       =   ----    ----
   PDATA SIZE       =   ----    ----
   DATA SIZE        =   ----    ----
   IDATA SIZE       =   ----    ----
   BIT SIZE         =   ----    ----
END OF MODULE INFORMATION.


C51 COMPILATION COMPLETE.  0 WARNING(S),  0 ERROR(S)
