C51 COMPILER V9.60.7.0   MAIN                                                              11/19/2025 17:29:22 PAGE 1   


C51 COMPILER V9.60.7.0, COMPILATION OF MODULE MAIN
OBJECT MODULE PLACED IN .\Objects\main.obj
COMPILER INVOKED BY: C:\Users\minhn\AppData\Local\Keil_v5\C51\BIN\C51.EXE main.c OPTIMIZE(8,SPEED) BROWSE DEBUG OBJECTEX
                    -TEND PRINT(.\Listings\main.lst) TABS(2) OBJECT(.\Objects\main.obj)

line level    source

   1          #include <REGX51.h>
   2          
   3          void external1_isr(void) interrupt 2
   4          {
   5   1          P2 = P2 + 1;
   6   1      }
   7          
   8          void main(void)
   9          {
  10   1          IT1 = 1;
  11   1          EX1 = 1;
  12   1          EA = 1;
  13   1      
  14   1          P2 = 0x00;
  15   1      
  16   1          while (1)
  17   1          {
  18   2              // Main loop
  19   2          }
  20   1      }


MODULE INFORMATION:   STATIC OVERLAYABLE
   CODE SIZE        =     14    ----
   CONSTANT SIZE    =   ----    ----
   XDATA SIZE       =   ----    ----
   PDATA SIZE       =   ----    ----
   DATA SIZE        =   ----    ----
   IDATA SIZE       =   ----    ----
   BIT SIZE         =   ----    ----
END OF MODULE INFORMATION.


C51 COMPILATION COMPLETE.  0 WARNING(S),  0 ERROR(S)
