A51 MACRO ASSEMBLER  MAIN                                                                 11/08/2025 00:58:21 PAGE     1


MACRO ASSEMBLER A51 V8.2.7.0
OBJECT MODULE PLACED IN .\Objects\main.obj
ASSEMBLER INVOKED BY: C:\Users\minhn\AppData\Local\Keil_v5\C51\BIN\A51.EXE main.asc SET(SMALL) DEBUG PRINT(.\Listings\ma
                      in.lst) OBJECT(.\Objects\main.obj) EP

LOC  OBJ            LINE     SOURCE

0000                   1     ORG 0000H
                       2     
0000 780A              3     MOV R0, #10
0002 7905              4     MOV R1, #5
                       5     
0004 E8                6     MOV A, R0
0005 29                7     ADD A, R1
0006 F580              8     MOV P0, A
                       9     
0008 E8               10     MOV A, R0
0009 C3               11     CLR C
000A 99               12     SUBB A, R1
000B F590             13     MOV P1, A
                      14     
000D E8               15     MOV A, R0
000E 89F0             16     MOV B, R1
0010 A4               17     MUL AB
0011 F5A0             18     MOV P2, A
0013 85F0B0           19     MOV P3, B
                      20     
0016 80FE             21     JMP $
                      22     
                      23     END
A51 MACRO ASSEMBLER  MAIN                                                                 11/08/2025 00:58:21 PAGE     2

SYMBOL TABLE LISTING
------ ----- -------


N A M E             T Y P E  V A L U E   ATTRIBUTES

B. . . . . . . . .  D ADDR   00F0H   A   
P0 . . . . . . . .  D ADDR   0080H   A   
P1 . . . . . . . .  D ADDR   0090H   A   
P2 . . . . . . . .  D ADDR   00A0H   A   
P3 . . . . . . . .  D ADDR   00B0H   A   


REGISTER BANK(S) USED: 0 


ASSEMBLY COMPLETE.  0 WARNING(S), 0 ERROR(S)
